生成启动时间为 2014/3/4 17:56:02。
     1>项目“C:\Users\4399\Documents\GitHub\openglExercise\openglExercise\openglExercise\openglExercise.vcxproj”在节点 2 上(Build 个目标)。
     1>ClCompile:
         D:\Program Files (x86)\Microsoft Visual Studio 11.0\VC\bin\CL.exe /c /ZI /nologo /W3 /WX- /sdl /Od /Oy- /D WIN32 /D _DEBUG /D _CONSOLE /Gm /EHsc /RTC1 /MDd /GS /fp:precise /Zc:wchar_t /Zc:forScope /Yu"stdafx.h" /Fp"Debug\openglExercise.pch" /Fo"Debug\\" /Fd"Debug\vc110.pdb" /Gd /TP /analyze- /errorReport:prompt Base.cpp Blendeqn.cpp Clip.cpp Cube.cpp Icosahedron.cpp Light.cpp Mode.cpp Robot.cpp Smooth.cpp Unproject.cpp openglExercise.cpp planet.cpp
         planet.cpp
         openglExercise.cpp
         Unproject.cpp
         Smooth.cpp
         Robot.cpp
         Mode.cpp
         Light.cpp
         Icosahedron.cpp
         Cube.cpp
         Clip.cpp
         Blendeqn.cpp
         Base.cpp
         正在生成代码...
       Link:
         D:\Program Files (x86)\Microsoft Visual Studio 11.0\VC\bin\link.exe /ERRORREPORT:PROMPT /OUT:"C:\Users\4399\Documents\GitHub\openglExercise\openglExercise\Debug\openglExercise.exe" /INCREMENTAL /NOLOGO opengl32.lib glu32.lib glut32.lib glew32.lib kernel32.lib user32.lib gdi32.lib winspool.lib comdlg32.lib advapi32.lib shell32.lib ole32.lib oleaut32.lib uuid.lib odbc32.lib odbccp32.lib /MANIFEST /MANIFESTUAC:"level='asInvoker' uiAccess='false'" /manifest:embed /DEBUG /PDB:"C:\Users\4399\Documents\GitHub\openglExercise\openglExercise\Debug\openglExercise.pdb" /TLBID:1 /DYNAMICBASE /NXCOMPAT /IMPLIB:"C:\Users\4399\Documents\GitHub\openglExercise\openglExercise\Debug\openglExercise.lib" /MACHINE:X86 /ENTRY:mainCRTStartup Debug\Base.obj
         Debug\Blendeqn.obj
         Debug\Clip.obj
         Debug\Cube.obj
         Debug\Icosahedron.obj
         Debug\Light.obj
         Debug\Mode.obj
         Debug\planet.obj
         Debug\openglExercise.obj
         Debug\Robot.obj
         Debug\Smooth.obj
         Debug\stdafx.obj
         Debug\Unproject.obj
         openglExercise.vcxproj -> C:\Users\4399\Documents\GitHub\openglExercise\openglExercise\Debug\openglExercise.exe
     1>已完成生成项目“C:\Users\4399\Documents\GitHub\openglExercise\openglExercise\openglExercise\openglExercise.vcxproj”(Build 个目标)的操作。

生成成功。

已用时间 00:00:01.10
